This is pdfTeX, Version 3.14159265-2.6-1.40.15 (TeX Live 2015/dev/Debian) (preloaded format=pdflatex 2015.6.15)  27 JUN 2015 15:29
entering extended mode
 restricted \write18 enabled.
 %&-line parsing enabled.
**memoria.tex
(./memoria.tex
LaTeX2e <2014/05/01>
Babel <3.9l> and hyphenation patterns for 79 languages loaded.
(/usr/share/texlive/texmf-dist/tex/latex/base/article.cls
Document Class: article 2014/09/29 v1.4h Standard LaTeX document class
(/usr/share/texlive/texmf-dist/tex/latex/base/size12.clo
File: size12.clo 2014/09/29 v1.4h Standard LaTeX file (size option)
)
\c@part=\count79
\c@section=\count80
\c@subsection=\count81
\c@subsubsection=\count82
\c@paragraph=\count83
\c@subparagraph=\count84
\c@figure=\count85
\c@table=\count86
\abovecaptionskip=\skip41
\belowcaptionskip=\skip42
\bibindent=\dimen102
)
(/usr/share/texlive/texmf-dist/tex/latex/amsfonts/amsfonts.sty
Package: amsfonts 2013/01/14 v3.01 Basic AMSFonts support
\@emptytoks=\toks14
\symAMSa=\mathgroup4
\symAMSb=\mathgroup5
LaTeX Font Info:    Overwriting math alphabet `\mathfrak' in version `bold'
(Font)                  U/euf/m/n --> U/euf/b/n on input line 106.
)
(/usr/share/texlive/texmf-dist/tex/latex/amsmath/amsmath.sty
Package: amsmath 2013/01/14 v2.14 AMS math features
\@mathmargin=\skip43

For additional information on amsmath, use the `?' option.
(/usr/share/texlive/texmf-dist/tex/latex/amsmath/amstext.sty
Package: amstext 2000/06/29 v2.01

(/usr/share/texlive/texmf-dist/tex/latex/amsmath/amsgen.sty
File: amsgen.sty 1999/11/30 v2.0
\@emptytoks=\toks15
\ex@=\dimen103
))
(/usr/share/texlive/texmf-dist/tex/latex/amsmath/amsbsy.sty
Package: amsbsy 1999/11/29 v1.2d
\pmbraise@=\dimen104
)
(/usr/share/texlive/texmf-dist/tex/latex/amsmath/amsopn.sty
Package: amsopn 1999/12/14 v2.01 operator names
)
\inf@bad=\count87
LaTeX Info: Redefining \frac on input line 210.
\uproot@=\count88
\leftroot@=\count89
LaTeX Info: Redefining \overline on input line 306.
\classnum@=\count90
\DOTSCASE@=\count91
LaTeX Info: Redefining \ldots on input line 378.
LaTeX Info: Redefining \dots on input line 381.
LaTeX Info: Redefining \cdots on input line 466.
\Mathstrutbox@=\box26
\strutbox@=\box27
\big@size=\dimen105
LaTeX Font Info:    Redeclaring font encoding OML on input line 566.
LaTeX Font Info:    Redeclaring font encoding OMS on input line 567.
\macc@depth=\count92
\c@MaxMatrixCols=\count93
\dotsspace@=\muskip10
\c@parentequation=\count94
\dspbrk@lvl=\count95
\tag@help=\toks16
\row@=\count96
\column@=\count97
\maxfields@=\count98
\andhelp@=\toks17
\eqnshift@=\dimen106
\alignsep@=\dimen107
\tagshift@=\dimen108
\tagwidth@=\dimen109
\totwidth@=\dimen110
\lineht@=\dimen111
\@envbody=\toks18
\multlinegap=\skip44
\multlinetaggap=\skip45
\mathdisplay@stack=\toks19
LaTeX Info: Redefining \[ on input line 2665.
LaTeX Info: Redefining \] on input line 2666.
)
(/usr/share/texlive/texmf-dist/tex/latex/amsfonts/amssymb.sty
Package: amssymb 2013/01/14 v3.01 AMS font symbols
)
(/usr/share/texlive/texmf-dist/tex/latex/base/latexsym.sty
Package: latexsym 1998/08/17 v2.2e Standard LaTeX package (lasy symbols)
\symlasy=\mathgroup6
LaTeX Font Info:    Overwriting symbol font `lasy' in version `bold'
(Font)                  U/lasy/m/n --> U/lasy/b/n on input line 47.
)
(/usr/share/texlive/texmf-dist/tex/latex/amscls/amsthm.sty
Package: amsthm 2009/07/02 v2.20.1
\thm@style=\toks20
\thm@bodyfont=\toks21
\thm@headfont=\toks22
\thm@notefont=\toks23
\thm@headpunct=\toks24
\thm@preskip=\skip46
\thm@postskip=\skip47
\thm@headsep=\skip48
\dth@everypar=\toks25
)
(/usr/share/texlive/texmf-dist/tex/latex/jknapltx/mathrsfs.sty
Package: mathrsfs 1996/01/01 Math RSFS package v1.0 (jk)
\symrsfs=\mathgroup7
)
(/usr/share/texlive/texmf-dist/tex/latex/tools/enumerate.sty
Package: enumerate 2014/10/28 v3.00 enumerate extensions (DPC)
\@enLab=\toks26
)
(/usr/share/texlive/texmf-dist/tex/generic/babel/babel.sty
Package: babel 2014/09/25 3.9l The Babel package

(/usr/share/texlive/texmf-dist/tex/generic/babel-catalan/catalan.ldf
Language: catalan 2005/03/29 v2.2p Catalan support from the babel system

(/usr/share/texlive/texmf-dist/tex/generic/babel/babel.def
File: babel.def 2014/09/25 3.9l Babel common definitions
\babel@savecnt=\count99
\U@D=\dimen112
)
Package babel Info: Making " an active character on input line 91.
Warning: You are using encoding OT1 instead of T1.
Some word breaks will not be found.
\leftllkern=\dimen113
\rightllkern=\dimen114
\raiselldim=\dimen115
))
(/usr/share/texlive/texmf-dist/tex/latex/graphics/epsfig.sty
Package: epsfig 1999/02/16 v1.7a (e)psfig emulation (SPQR)

(/usr/share/texlive/texmf-dist/tex/latex/graphics/graphicx.sty
Package: graphicx 2014/04/25 v1.0g Enhanced LaTeX Graphics (DPC,SPQR)

(/usr/share/texlive/texmf-dist/tex/latex/graphics/keyval.sty
Package: keyval 2014/05/08 v1.15 key=value parser (DPC)
\KV@toks@=\toks27
)
(/usr/share/texlive/texmf-dist/tex/latex/graphics/graphics.sty
Package: graphics 2009/02/05 v1.0o Standard LaTeX Graphics (DPC,SPQR)

(/usr/share/texlive/texmf-dist/tex/latex/graphics/trig.sty
Package: trig 1999/03/16 v1.09 sin cos tan (DPC)
)
(/usr/share/texlive/texmf-dist/tex/latex/latexconfig/graphics.cfg
File: graphics.cfg 2010/04/23 v1.9 graphics configuration of TeX Live
)
Package graphics Info: Driver file: pdftex.def on input line 91.

(/usr/share/texlive/texmf-dist/tex/latex/pdftex-def/pdftex.def
File: pdftex.def 2011/05/27 v0.06d Graphics/color for pdfTeX

(/usr/share/texlive/texmf-dist/tex/generic/oberdiek/infwarerr.sty
Package: infwarerr 2010/04/08 v1.3 Providing info/warning/error messages (HO)
)
(/usr/share/texlive/texmf-dist/tex/generic/oberdiek/ltxcmds.sty
Package: ltxcmds 2011/11/09 v1.22 LaTeX kernel commands for general use (HO)
)
\Gread@gobject=\count100
))
\Gin@req@height=\dimen116
\Gin@req@width=\dimen117
)
\epsfxsize=\dimen118
\epsfysize=\dimen119
)
(/usr/share/texlive/texmf-dist/tex/latex/geometry/geometry.sty
Package: geometry 2010/09/12 v5.6 Page Geometry

(/usr/share/texlive/texmf-dist/tex/generic/oberdiek/ifpdf.sty
Package: ifpdf 2011/01/30 v2.3 Provides the ifpdf switch (HO)
Package ifpdf Info: pdfTeX in PDF mode is detected.
)
(/usr/share/texlive/texmf-dist/tex/generic/oberdiek/ifvtex.sty
Package: ifvtex 2010/03/01 v1.5 Detect VTeX and its facilities (HO)
Package ifvtex Info: VTeX not detected.
)
(/usr/share/texlive/texmf-dist/tex/generic/ifxetex/ifxetex.sty
Package: ifxetex 2010/09/12 v0.6 Provides ifxetex conditional
)
\Gm@cnth=\count101
\Gm@cntv=\count102
\c@Gm@tempcnt=\count103
\Gm@bindingoffset=\dimen120
\Gm@wd@mp=\dimen121
\Gm@odd@mp=\dimen122
\Gm@even@mp=\dimen123
\Gm@layoutwidth=\dimen124
\Gm@layoutheight=\dimen125
\Gm@layouthoffset=\dimen126
\Gm@layoutvoffset=\dimen127
\Gm@dimlist=\toks28
)
(/usr/share/texlive/texmf-dist/tex/latex/listings/listings.sty
\lst@mode=\count104
\lst@gtempboxa=\box28
\lst@token=\toks29
\lst@length=\count105
\lst@currlwidth=\dimen128
\lst@column=\count106
\lst@pos=\count107
\lst@lostspace=\dimen129
\lst@width=\dimen130
\lst@newlines=\count108
\lst@lineno=\count109
\lst@maxwidth=\dimen131

(/usr/share/texlive/texmf-dist/tex/latex/listings/lstmisc.sty
File: lstmisc.sty 2014/09/06 1.5e (Carsten Heinz)
\c@lstnumber=\count110
\lst@skipnumbers=\count111
\lst@framebox=\box29
)
(/usr/share/texlive/texmf-dist/tex/latex/listings/listings.cfg
File: listings.cfg 2014/09/06 1.5e listings configuration
))
Package: listings 2014/09/06 1.5e (Carsten Heinz)

(/usr/share/texlive/texmf-dist/tex/latex/base/inputenc.sty
Package: inputenc 2014/04/30 v1.2b Input encoding file
\inpenc@prehook=\toks30
\inpenc@posthook=\toks31

(/usr/share/texlive/texmf-dist/tex/latex/base/utf8.def
File: utf8.def 2014/09/29 v1.1m UTF-8 support for inputenc
Now handling font encoding OML ...
... no UTF-8 mapping file for font encoding OML
Now handling font encoding T1 ...
... processing UTF-8 mapping file for font encoding T1

(/usr/share/texlive/texmf-dist/tex/latex/base/t1enc.dfu
File: t1enc.dfu 2014/09/29 v1.1m UTF-8 support for inputenc
   defining Unicode char U+00A1 (decimal 161)
   defining Unicode char U+00A3 (decimal 163)
   defining Unicode char U+00AB (decimal 171)
   defining Unicode char U+00BB (decimal 187)
   defining Unicode char U+00BF (decimal 191)
   defining Unicode char U+00C0 (decimal 192)
   defining Unicode char U+00C1 (decimal 193)
   defining Unicode char U+00C2 (decimal 194)
   defining Unicode char U+00C3 (decimal 195)
   defining Unicode char U+00C4 (decimal 196)
   defining Unicode char U+00C5 (decimal 197)
   defining Unicode char U+00C6 (decimal 198)
   defining Unicode char U+00C7 (decimal 199)
   defining Unicode char U+00C8 (decimal 200)
   defining Unicode char U+00C9 (decimal 201)
   defining Unicode char U+00CA (decimal 202)
   defining Unicode char U+00CB (decimal 203)
   defining Unicode char U+00CC (decimal 204)
   defining Unicode char U+00CD (decimal 205)
   defining Unicode char U+00CE (decimal 206)
   defining Unicode char U+00CF (decimal 207)
   defining Unicode char U+00D0 (decimal 208)
   defining Unicode char U+00D1 (decimal 209)
   defining Unicode char U+00D2 (decimal 210)
   defining Unicode char U+00D3 (decimal 211)
   defining Unicode char U+00D4 (decimal 212)
   defining Unicode char U+00D5 (decimal 213)
   defining Unicode char U+00D6 (decimal 214)
   defining Unicode char U+00D8 (decimal 216)
   defining Unicode char U+00D9 (decimal 217)
   defining Unicode char U+00DA (decimal 218)
   defining Unicode char U+00DB (decimal 219)
   defining Unicode char U+00DC (decimal 220)
   defining Unicode char U+00DD (decimal 221)
   defining Unicode char U+00DE (decimal 222)
   defining Unicode char U+00DF (decimal 223)
   defining Unicode char U+00E0 (decimal 224)
   defining Unicode char U+00E1 (decimal 225)
   defining Unicode char U+00E2 (decimal 226)
   defining Unicode char U+00E3 (decimal 227)
   defining Unicode char U+00E4 (decimal 228)
   defining Unicode char U+00E5 (decimal 229)
   defining Unicode char U+00E6 (decimal 230)
   defining Unicode char U+00E7 (decimal 231)
   defining Unicode char U+00E8 (decimal 232)
   defining Unicode char U+00E9 (decimal 233)
   defining Unicode char U+00EA (decimal 234)
   defining Unicode char U+00EB (decimal 235)
   defining Unicode char U+00EC (decimal 236)
   defining Unicode char U+00ED (decimal 237)
   defining Unicode char U+00EE (decimal 238)
   defining Unicode char U+00EF (decimal 239)
   defining Unicode char U+00F0 (decimal 240)
   defining Unicode char U+00F1 (decimal 241)
   defining Unicode char U+00F2 (decimal 242)
   defining Unicode char U+00F3 (decimal 243)
   defining Unicode char U+00F4 (decimal 244)
   defining Unicode char U+00F5 (decimal 245)
   defining Unicode char U+00F6 (decimal 246)
   defining Unicode char U+00F8 (decimal 248)
   defining Unicode char U+00F9 (decimal 249)
   defining Unicode char U+00FA (decimal 250)
   defining Unicode char U+00FB (decimal 251)
   defining Unicode char U+00FC (decimal 252)
   defining Unicode char U+00FD (decimal 253)
   defining Unicode char U+00FE (decimal 254)
   defining Unicode char U+00FF (decimal 255)
   defining Unicode char U+0102 (decimal 258)
   defining Unicode char U+0103 (decimal 259)
   defining Unicode char U+0104 (decimal 260)
   defining Unicode char U+0105 (decimal 261)
   defining Unicode char U+0106 (decimal 262)
   defining Unicode char U+0107 (decimal 263)
   defining Unicode char U+010C (decimal 268)
   defining Unicode char U+010D (decimal 269)
   defining Unicode char U+010E (decimal 270)
   defining Unicode char U+010F (decimal 271)
   defining Unicode char U+0110 (decimal 272)
   defining Unicode char U+0111 (decimal 273)
   defining Unicode char U+0118 (decimal 280)
   defining Unicode char U+0119 (decimal 281)
   defining Unicode char U+011A (decimal 282)
   defining Unicode char U+011B (decimal 283)
   defining Unicode char U+011E (decimal 286)
   defining Unicode char U+011F (decimal 287)
   defining Unicode char U+0130 (decimal 304)
   defining Unicode char U+0131 (decimal 305)
   defining Unicode char U+0132 (decimal 306)
   defining Unicode char U+0133 (decimal 307)
   defining Unicode char U+0139 (decimal 313)
   defining Unicode char U+013A (decimal 314)
   defining Unicode char U+013D (decimal 317)
   defining Unicode char U+013E (decimal 318)
   defining Unicode char U+0141 (decimal 321)
   defining Unicode char U+0142 (decimal 322)
   defining Unicode char U+0143 (decimal 323)
   defining Unicode char U+0144 (decimal 324)
   defining Unicode char U+0147 (decimal 327)
   defining Unicode char U+0148 (decimal 328)
   defining Unicode char U+014A (decimal 330)
   defining Unicode char U+014B (decimal 331)
   defining Unicode char U+0150 (decimal 336)
   defining Unicode char U+0151 (decimal 337)
   defining Unicode char U+0152 (decimal 338)
   defining Unicode char U+0153 (decimal 339)
   defining Unicode char U+0154 (decimal 340)
   defining Unicode char U+0155 (decimal 341)
   defining Unicode char U+0158 (decimal 344)
   defining Unicode char U+0159 (decimal 345)
   defining Unicode char U+015A (decimal 346)
   defining Unicode char U+015B (decimal 347)
   defining Unicode char U+015E (decimal 350)
   defining Unicode char U+015F (decimal 351)
   defining Unicode char U+0160 (decimal 352)
   defining Unicode char U+0161 (decimal 353)
   defining Unicode char U+0162 (decimal 354)
   defining Unicode char U+0163 (decimal 355)
   defining Unicode char U+0164 (decimal 356)
   defining Unicode char U+0165 (decimal 357)
   defining Unicode char U+016E (decimal 366)
   defining Unicode char U+016F (decimal 367)
   defining Unicode char U+0170 (decimal 368)
   defining Unicode char U+0171 (decimal 369)
   defining Unicode char U+0178 (decimal 376)
   defining Unicode char U+0179 (decimal 377)
   defining Unicode char U+017A (decimal 378)
   defining Unicode char U+017B (decimal 379)
   defining Unicode char U+017C (decimal 380)
   defining Unicode char U+017D (decimal 381)
   defining Unicode char U+017E (decimal 382)
   defining Unicode char U+200C (decimal 8204)
   defining Unicode char U+2013 (decimal 8211)
   defining Unicode char U+2014 (decimal 8212)
   defining Unicode char U+2018 (decimal 8216)
   defining Unicode char U+2019 (decimal 8217)
   defining Unicode char U+201A (decimal 8218)
   defining Unicode char U+201C (decimal 8220)
   defining Unicode char U+201D (decimal 8221)
   defining Unicode char U+201E (decimal 8222)
   defining Unicode char U+2030 (decimal 8240)
   defining Unicode char U+2031 (decimal 8241)
   defining Unicode char U+2039 (decimal 8249)
   defining Unicode char U+203A (decimal 8250)
   defining Unicode char U+2423 (decimal 9251)
)
Now handling font encoding OT1 ...
... processing UTF-8 mapping file for font encoding OT1

(/usr/share/texlive/texmf-dist/tex/latex/base/ot1enc.dfu
File: ot1enc.dfu 2014/09/29 v1.1m UTF-8 support for inputenc
   defining Unicode char U+00A1 (decimal 161)
   defining Unicode char U+00A3 (decimal 163)
   defining Unicode char U+00B8 (decimal 184)
   defining Unicode char U+00BF (decimal 191)
   defining Unicode char U+00C5 (decimal 197)
   defining Unicode char U+00C6 (decimal 198)
   defining Unicode char U+00D8 (decimal 216)
   defining Unicode char U+00DF (decimal 223)
   defining Unicode char U+00E6 (decimal 230)
   defining Unicode char U+00EC (decimal 236)
   defining Unicode char U+00ED (decimal 237)
   defining Unicode char U+00EE (decimal 238)
   defining Unicode char U+00EF (decimal 239)
   defining Unicode char U+00F8 (decimal 248)
   defining Unicode char U+0131 (decimal 305)
   defining Unicode char U+0141 (decimal 321)
   defining Unicode char U+0142 (decimal 322)
   defining Unicode char U+0152 (decimal 338)
   defining Unicode char U+0153 (decimal 339)
   defining Unicode char U+2013 (decimal 8211)
   defining Unicode char U+2014 (decimal 8212)
   defining Unicode char U+2018 (decimal 8216)
   defining Unicode char U+2019 (decimal 8217)
   defining Unicode char U+201C (decimal 8220)
   defining Unicode char U+201D (decimal 8221)
)
Now handling font encoding OMS ...
... processing UTF-8 mapping file for font encoding OMS

(/usr/share/texlive/texmf-dist/tex/latex/base/omsenc.dfu
File: omsenc.dfu 2014/09/29 v1.1m UTF-8 support for inputenc
   defining Unicode char U+00A7 (decimal 167)
   defining Unicode char U+00B6 (decimal 182)
   defining Unicode char U+00B7 (decimal 183)
   defining Unicode char U+2020 (decimal 8224)
   defining Unicode char U+2021 (decimal 8225)
   defining Unicode char U+2022 (decimal 8226)
)
Now handling font encoding OMX ...
... no UTF-8 mapping file for font encoding OMX
Now handling font encoding U ...
... no UTF-8 mapping file for font encoding U
   defining Unicode char U+00A9 (decimal 169)
   defining Unicode char U+00AA (decimal 170)
   defining Unicode char U+00AE (decimal 174)
   defining Unicode char U+00BA (decimal 186)
   defining Unicode char U+02C6 (decimal 710)
   defining Unicode char U+02DC (decimal 732)
   defining Unicode char U+200C (decimal 8204)
   defining Unicode char U+2026 (decimal 8230)
   defining Unicode char U+2122 (decimal 8482)
   defining Unicode char U+2423 (decimal 9251)
))
(/usr/share/texlive/texmf-dist/tex/latex/fancyvrb/fancyvrb.sty
Package: fancyvrb 2008/02/07

Style option: `fancyvrb' v2.7a, with DG/SPQR fixes, and firstline=lastline fix 
<2008/02/07> (tvz)
\FV@CodeLineNo=\count112
\FV@InFile=\read1
\FV@TabBox=\box30
\c@FancyVerbLine=\count113
\FV@StepNumber=\count114
\FV@OutFile=\write3
)
\c@teo=\count115
\c@prop=\count116
\c@corol=\count117
\c@lema=\count118
\c@defi=\count119
\c@nota=\count120
\c@prob=\count121
\c@ex=\count122
\c@exs=\count123
\c@obs=\count124
\c@obss=\count125

(/usr/share/texlive/texmf-dist/tex/latex/fancyhdr/fancyhdr.sty
\fancy@headwidth=\skip49
\f@ncyO@elh=\skip50
\f@ncyO@erh=\skip51
\f@ncyO@olh=\skip52
\f@ncyO@orh=\skip53
\f@ncyO@elf=\skip54
\f@ncyO@erf=\skip55
\f@ncyO@olf=\skip56
\f@ncyO@orf=\skip57
)

LaTeX Warning: Unused global option(s):
    [openright].

(./memoria.aux)
\openout1 = `memoria.aux'.

LaTeX Font Info:    Checking defaults for OML/cmm/m/it on input line 47.
LaTeX Font Info:    ... okay on input line 47.
LaTeX Font Info:    Checking defaults for T1/cmr/m/n on input line 47.
LaTeX Font Info:    ... okay on input line 47.
LaTeX Font Info:    Checking defaults for OT1/cmr/m/n on input line 47.
LaTeX Font Info:    ... okay on input line 47.
LaTeX Font Info:    Checking defaults for OMS/cmsy/m/n on input line 47.
LaTeX Font Info:    ... okay on input line 47.
LaTeX Font Info:    Checking defaults for OMX/cmex/m/n on input line 47.
LaTeX Font Info:    ... okay on input line 47.
LaTeX Font Info:    Checking defaults for U/cmr/m/n on input line 47.
LaTeX Font Info:    ... okay on input line 47.
LaTeX Info: Redefining \l on input line 47.
LaTeX Info: Redefining \L on input line 47.
 (/usr/share/texlive/texmf-dist/tex/context/base/supp-pdf.mkii
[Loading MPS to PDF converter (version 2006.09.02).]
\scratchcounter=\count126
\scratchdimen=\dimen132
\scratchbox=\box31
\nofMPsegments=\count127
\nofMParguments=\count128
\everyMPshowfont=\toks32
\MPscratchCnt=\count129
\MPscratchDim=\dimen133
\MPnumerator=\count130
\makeMPintoPDFobject=\count131
\everyMPtoPDFconversion=\toks33
) (/usr/share/texlive/texmf-dist/tex/generic/oberdiek/pdftexcmds.sty
Package: pdftexcmds 2011/11/29 v0.20 Utility functions of pdfTeX for LuaTeX (HO
)

(/usr/share/texlive/texmf-dist/tex/generic/oberdiek/ifluatex.sty
Package: ifluatex 2010/03/01 v1.3 Provides the ifluatex switch (HO)
Package ifluatex Info: LuaTeX not detected.
)
Package pdftexcmds Info: LuaTeX not detected.
Package pdftexcmds Info: \pdf@primitive is available.
Package pdftexcmds Info: \pdf@ifprimitive is available.
Package pdftexcmds Info: \pdfdraftmode found.
)
(/usr/share/texlive/texmf-dist/tex/latex/oberdiek/epstopdf-base.sty
Package: epstopdf-base 2010/02/09 v2.5 Base part for package epstopdf

(/usr/share/texlive/texmf-dist/tex/latex/oberdiek/grfext.sty
Package: grfext 2010/08/19 v1.1 Manage graphics extensions (HO)

(/usr/share/texlive/texmf-dist/tex/generic/oberdiek/kvdefinekeys.sty
Package: kvdefinekeys 2011/04/07 v1.3 Define keys (HO)
))
(/usr/share/texlive/texmf-dist/tex/latex/oberdiek/kvoptions.sty
Package: kvoptions 2011/06/30 v3.11 Key value format for package options (HO)

(/usr/share/texlive/texmf-dist/tex/generic/oberdiek/kvsetkeys.sty
Package: kvsetkeys 2012/04/25 v1.16 Key value parser (HO)

(/usr/share/texlive/texmf-dist/tex/generic/oberdiek/etexcmds.sty
Package: etexcmds 2011/02/16 v1.5 Avoid name clashes with e-TeX commands (HO)
Package etexcmds Info: Could not find \expanded.
(etexcmds)             That can mean that you are not using pdfTeX 1.50 or
(etexcmds)             that some package has redefined \expanded.
(etexcmds)             In the latter case, load this package earlier.
)))
Package grfext Info: Graphics extension search list:
(grfext)             [.png,.pdf,.jpg,.mps,.jpeg,.jbig2,.jb2,.PNG,.PDF,.JPG,.JPE
G,.JBIG2,.JB2,.eps]
(grfext)             \AppendGraphicsExtensions on input line 452.

(/usr/share/texlive/texmf-dist/tex/latex/latexconfig/epstopdf-sys.cfg
File: epstopdf-sys.cfg 2010/07/13 v1.3 Configuration of (r)epstopdf for TeX Liv
e
))
*geometry* driver: auto-detecting
*geometry* detected driver: pdftex
*geometry* verbose mode - [ preamble ] result:
* driver: pdftex
* paper: a4paper
* layout: <same size as paper>
* layoutoffset:(h,v)=(0.0pt,0.0pt)
* modes: 
* h-part:(L,W,R)=(86.72377pt, 424.06033pt, 86.72377pt)
* v-part:(T,H,B)=(86.72377pt, 671.5993pt, 86.72377pt)
* \paperwidth=597.50787pt
* \paperheight=845.04684pt
* \textwidth=424.06033pt
* \textheight=671.5993pt
* \oddsidemargin=14.45378pt
* \evensidemargin=14.45378pt
* \topmargin=-22.54622pt
* \headheight=12.0pt
* \headsep=25.0pt
* \topskip=12.0pt
* \footskip=30.0pt
* \marginparwidth=35.0pt
* \marginparsep=10.0pt
* \columnsep=10.0pt
* \skip\footins=10.8pt plus 4.0pt minus 2.0pt
* \hoffset=0.0pt
* \voffset=0.0pt
* \mag=1000
* \@twocolumnfalse
* \@twosidefalse
* \@mparswitchfalse
* \@reversemarginfalse
* (1in=72.27pt=25.4mm, 1cm=28.453pt)

\c@lstlisting=\count132
<ub.png, id=1, 171.039pt x 102.3825pt>
File: ub.png Graphic file (type png)
 <use ub.png>
Package pdftex.def Info: ub.png used on input line 57.
(pdftex.def)             Requested size: 170.71652pt x 102.1932pt.

Overfull \hbox (31.18375pt too wide) in paragraph at lines 67--67
 [][] 
 []


Overfull \hbox (31.18375pt too wide) in paragraph at lines 71--71
 [][] 
 []

LaTeX Font Info:    Try loading font information for U+msa on input line 83.
(/usr/share/texlive/texmf-dist/tex/latex/amsfonts/umsa.fd
File: umsa.fd 2013/01/14 v3.01 AMS symbols A
)
LaTeX Font Info:    Try loading font information for U+msb on input line 83.

(/usr/share/texlive/texmf-dist/tex/latex/amsfonts/umsb.fd
File: umsb.fd 2013/01/14 v3.01 AMS symbols B
)
LaTeX Font Info:    Try loading font information for U+lasy on input line 83.

(/usr/share/texlive/texmf-dist/tex/latex/base/ulasy.fd
File: ulasy.fd 1998/08/17 v2.2e LaTeX symbol font definitions
)
LaTeX Font Info:    Try loading font information for U+rsfs on input line 83.

(/usr/share/texlive/texmf-dist/tex/latex/jknapltx/ursfs.fd
File: ursfs.fd 1998/03/24 rsfs font definition file (jk)
) [1

{/var/lib/texmf/fonts/map/pdftex/updmap/pdftex.map} <./ub.png>]
Underfull \hbox (badness 10000) in paragraph at lines 111--118

 []


Underfull \hbox (badness 10000) in paragraph at lines 111--118

 []


Underfull \hbox (badness 10000) in paragraph at lines 111--118

 []


Underfull \hbox (badness 10000) in paragraph at lines 111--118

 []


Underfull \hbox (badness 10000) in paragraph at lines 111--118

 []

[1]
Underfull \hbox (badness 10000) in paragraph at lines 123--128

 []


Underfull \hbox (badness 10000) in paragraph at lines 123--128

 []


Underfull \hbox (badness 10000) in paragraph at lines 123--128

 []

[2] [3] (./memoria.toc [4])
\tf@toc=\write4
\openout4 = `memoria.toc'.

 [5]
Underfull \hbox (badness 10000) in paragraph at lines 159--160

 []

<tipus_data.png, id=27, 507.8975pt x 443.6575pt>
File: tipus_data.png Graphic file (type png)
 <use tipus_data.png>
Package pdftex.def Info: tipus_data.png used on input line 164.
(pdftex.def)             Requested size: 170.71652pt x 149.12206pt.
LaTeX Font Info:    Try loading font information for OMS+cmr on input line 169.


(/usr/share/texlive/texmf-dist/tex/latex/base/omscmr.fd
File: omscmr.fd 2014/09/29 v2.5h Standard LaTeX font definitions
)
LaTeX Font Info:    Font shape `OMS/cmr/m/n' in size <12> not available
(Font)              Font shape `OMS/cmsy/m/n' tried instead on input line 169.
 [1 <./tipus_data.png>]
Underfull \hbox (badness 10000) in paragraph at lines 175--177

 []

<conway-datascience.png, id=33, 719.68875pt x 614.295pt>
File: conway-datascience.png Graphic file (type png)

<use conway-datascience.png>
Package pdftex.def Info: conway-datascience.png used on input line 191.
(pdftex.def)             Requested size: 170.71652pt x 145.71848pt.
 [2] [3 <./conway-datascience.png>]
Underfull \hbox (badness 10000) in paragraph at lines 212--215

 []

<Yahoo_boss.png, id=40, 605.26125pt x 283.0575pt>
File: Yahoo_boss.png Graphic file (type png)
 <use Yahoo_boss.png>
Package pdftex.def Info: Yahoo_boss.png used on input line 232.
(pdftex.def)             Requested size: 170.71652pt x 79.83862pt.
 [4]
<clavin.png, id=44, 301.125pt x 163.61125pt>
File: clavin.png Graphic file (type png)
 <use clavin.png>
Package pdftex.def Info: clavin.png used on input line 244.
(pdftex.def)             Requested size: 170.71652pt x 92.76007pt.

Underfull \hbox (badness 10000) in paragraph at lines 247--251

 []


Underfull \hbox (badness 10000) in paragraph at lines 247--251

 []

[5 <./Yahoo_boss.png> <./clavin.png>]
<clavin-1.png, id=53, 1285.80376pt x 860.21375pt>
File: clavin-1.png Graphic file (type png)
 <use clavin-1.png>
Package pdftex.def Info: clavin-1.png used on input line 254.
(pdftex.def)             Requested size: 256.0748pt x 171.31778pt.

<clavin-2.png, id=54, 1615.03375pt x 870.25125pt>
File: clavin-2.png Graphic file (type png)
 <use clavin-2.png>
Package pdftex.def Info: clavin-2.png used on input line 261.
(pdftex.def)             Requested size: 256.0748pt x 137.98154pt.
 [6 <./clavin-1.png> <./clavin-2.png>]
Overfull \hbox (14.36488pt too wide) in paragraph at lines 282--282
[]\OT1/cmtt/m/n/12 address=585+Gran+Via+de+les+Corts+Catalanes,+Barcelona+,+ES&
key=API_KEY[] 
 []


Underfull \hbox (badness 10000) in paragraph at lines 276--287

 []

[7]
Underfull \hbox (badness 10000) in paragraph at lines 289--293

 []


Underfull \hbox (badness 10000) in paragraph at lines 289--293

 []


Underfull \hbox (badness 10000) in paragraph at lines 289--293

 []

[8] [9]
Underfull \hbox (badness 10000) in paragraph at lines 318--319

 []


Underfull \hbox (badness 10000) in paragraph at lines 320--321

 []


Underfull \hbox (badness 10000) in paragraph at lines 322--325

 []

LaTeX Font Info:    Font shape `OMS/cmr/m/it' in size <12> not available
(Font)              Font shape `OMS/cmsy/m/n' tried instead on input line 329.
[10]
Underfull \hbox (badness 10000) in paragraph at lines 331--335

 []


Underfull \hbox (badness 10000) in paragraph at lines 342--346

 []

[11] <github.jpg, id=76, 295.1025pt x 172.645pt>
File: github.jpg Graphic file (type jpg)
 <use github.jpg>
Package pdftex.def Info: github.jpg used on input line 354.
(pdftex.def)             Requested size: 199.16928pt x 116.52243pt.

Underfull \hbox (badness 10000) in paragraph at lines 357--360

 []

<python.png, id=77, 611.75027pt x 206.63113pt>
File: python.png Graphic file (type png)
 <use python.png>
Package pdftex.def Info: python.png used on input line 363.
(pdftex.def)             Requested size: 199.16928pt x 67.27412pt.
 [12 <./github.jpg>] <ipython.png, id=81, 865.2325pt x 635.37375pt>
File: ipython.png Graphic file (type png)
 <use ipython.png>
Package pdftex.def Info: ipython.png used on input line 373.
(pdftex.def)             Requested size: 256.0748pt x 188.04442pt.

Underfull \hbox (badness 10000) in paragraph at lines 376--378

 []


Underfull \hbox (badness 10000) in paragraph at lines 379--381

 []


Underfull \hbox (badness 10000) in paragraph at lines 382--385

 []

[13 <./python.png> <./ipython.png>]
Underfull \hbox (badness 10000) in paragraph at lines 386--389

 []


Underfull \hbox (badness 10000) in paragraph at lines 390--392

 []

[14] [15]
Underfull \hbox (badness 10000) in paragraph at lines 419--420

 []

[16] <sparql-2.png, id=96, 942.52126pt x 342.27875pt>
File: sparql-2.png Graphic file (type png)
 <use sparql-2.png>
Package pdftex.def Info: sparql-2.png used on input line 444.
(pdftex.def)             Requested size: 341.43306pt x 123.99321pt.

Underfull \hbox (badness 10000) in paragraph at lines 449--452

 []


Underfull \hbox (badness 10000) in paragraph at lines 468--470

 []

[17 <./sparql-2.png>] [18]
Underfull \hbox (badness 10000) in paragraph at lines 487--490

 []


Underfull \hbox (badness 10000) in paragraph at lines 487--490

 []

[19] [20] <nomenclator.png, id=110, 855.195pt x 233.87375pt>
File: nomenclator.png Graphic file (type png)

<use nomenclator.png>
Package pdftex.def Info: nomenclator.png used on input line 529.
(pdftex.def)             Requested size: 426.79134pt x 116.71532pt.

Overfull \hbox (2.731pt too wide) in paragraph at lines 529--530
 [][] 
 []

<nomenclator_taula.png, id=111, 1084.05pt x 85.31876pt>
File: nomenclator_taula.png Graphic file (type png)

<use nomenclator_taula.png>
Package pdftex.def Info: nomenclator_taula.png used on input line 546.
(pdftex.def)             Requested size: 455.24828pt x 56.90678pt.

Overfull \hbox (31.18794pt too wide) in paragraph at lines 546--547
 [][] 
 []


Underfull \hbox (badness 10000) in paragraph at lines 550--554

 []

[21 <./nomenclator.png> <./nomenclator_taula.png>]
<utm.png, id=115, 602.25pt x 488.82625pt>
File: utm.png Graphic file (type png)
 <use utm.png>
Package pdftex.def Info: utm.png used on input line 558.
(pdftex.def)             Requested size: 256.0748pt x 207.85655pt.
 [22 <./utm.png>]
Underfull \hbox (badness 10000) in paragraph at lines 573--575

 []

[23]
Underfull \hbox (badness 10000) in paragraph at lines 577--581

 []

[24]
Underfull \hbox (badness 10000) in paragraph at lines 605--606

 []

[25]
Underfull \hbox (badness 10000) in paragraph at lines 608--609

 []

[26]
Underfull \hbox (badness 10000) in paragraph at lines 644--664

 []

[27]
Underfull \hbox (badness 10000) in paragraph at lines 692--694

 []


Underfull \hbox (badness 10000) in paragraph at lines 692--694

 []

[28]
Overfull \hbox (3.04773pt too wide) in paragraph at lines 705--706
\OT1/cmr/m/n/12 com les se-ves ca-rac-ter^^S^^Pstiques b^^Rasiques (per exem-pl
e la se-va am-pla-da i l'al^^Xcada). 
 []

[29]
Overfull \hbox (16.44981pt too wide) in paragraph at lines 714--715
[]\OT1/cmr/bx/n/12 media con-tent\OT1/cmr/m/n/12 : In-for-ma-ci^^So a tots els 
ar-xius mul-tim^^Redia (fo-tos, v^^S^^Pdeos, ^^Raudios,...)
 []


Overfull \hbox (32.8899pt too wide) in paragraph at lines 755--755
[]\OT1/cmtt/m/n/12 time.struct_time(tm_year=2015, tm_mon=6, tm_mday=22, tm_hour
=22, tm_min=0,[] 
 []

[30] [31]
Underfull \hbox (badness 10000) in paragraph at lines 794--804

 []


Underfull \hbox (badness 10000) in paragraph at lines 794--804

 []

[32] [33]
Underfull \hbox (badness 10000) in paragraph at lines 824--827

 []

[34] [35]
Overfull \hbox (63.76491pt too wide) in paragraph at lines 875--875
[]\OT1/cmtt/m/n/12 clusters = pd.Series([coordinates[labels == i] for i in xran
ge(num\_clusters)])[] 
 []

<centroide.jpg, id=160, 271.0125pt x 187.70125pt>
File: centroide.jpg Graphic file (type jpg)
 <use centroide.jpg>
Package pdftex.def Info: centroide.jpg used on input line 881.
(pdftex.def)             Requested size: 142.26378pt x 98.53317pt.

Underfull \hbox (badness 10000) in paragraph at lines 896--900

 []


Overfull \hbox (51.4149pt too wide) in paragraph at lines 914--914
[]        \OT1/cmtt/m/n/12 representative_point = getNearestPoint(cluster, getC
entroid(cluster))[] 
 []


Overfull \hbox (8.18988pt too wide) in paragraph at lines 914--914
[]    \OT1/cmtt/m/n/12 res_list.append([representative_point[1],representative_
point[0]])[] 
 []

[36 <./centroide.jpg>] <dbscan.png, id=164, 722.7pt x 433.62pt>
File: dbscan.png Graphic file (type png)

<use dbscan.png>
Package pdftex.def Info: dbscan.png used on input line 922.
(pdftex.def)             Requested size: 227.62204pt x 136.57117pt.
 <clustering-005-1.png, id=165, 722.7pt x 433.62pt>
File: clustering-005-1.png Graphic file (type png)

<use clustering-005-1.png>
Package pdftex.def Info: clustering-005-1.png used on input line 929.
(pdftex.def)             Requested size: 341.43306pt x 204.86006pt.

Underfull \hbox (badness 10000) in paragraph at lines 925--933

 []


Underfull \hbox (badness 10000) in paragraph at lines 925--933

 []

[37 <./dbscan.png>] <clustering-01.png, id=171, 722.7pt x 433.62pt>
File: clustering-01.png Graphic file (type png)

<use clustering-01.png>
Package pdftex.def Info: clustering-01.png used on input line 938.
(pdftex.def)             Requested size: 199.16928pt x 119.5006pt.
 <clustering-02.png, id=172, 722.7pt x 433.62pt>
File: clustering-02.png Graphic file (type png)

<use clustering-02.png>
Package pdftex.def Info: clustering-02.png used on input line 939.
(pdftex.def)             Requested size: 199.16928pt x 119.5006pt.
 [38 <./clustering-005-1.png> <./clustering-01.png> <./clustering-02.png>] <car
todb-1.png, id=179, 1832.8475pt x 774.895pt>
File: cartodb-1.png Graphic file (type png)

<use cartodb-1.png>
Package pdftex.def Info: cartodb-1.png used on input line 951.
(pdftex.def)             Requested size: 341.43306pt x 144.34654pt.

Underfull \hbox (badness 10000) in paragraph at lines 955--958

 []

<cartodb-2.png, id=180, 1433.355pt x 682.55pt>
File: cartodb-2.png Graphic file (type png)
 <use cartodb-2.png>
Package pdftex.def Info: cartodb-2.png used on input line 961.
(pdftex.def)             Requested size: 341.43306pt x 162.5864pt.
 [39 <./cartodb-1.png>] <cartodb-3.png, id=185, 1832.8475pt x 774.895pt>
File: cartodb-3.png Graphic file (type png)

<use cartodb-3.png>
Package pdftex.def Info: cartodb-3.png used on input line 969.
(pdftex.def)             Requested size: 341.43306pt x 144.34654pt.

Underfull \hbox (badness 10000) in paragraph at lines 973--977

 []

[40 <./cartodb-2.png> <./cartodb-3.png>]
<cartodb-res-1.png, id=190, 884.30376pt x 464.73625pt>
File: cartodb-res-1.png Graphic file (type png)
 <use cartodb-res-1.png>
Package pdftex.def Info: cartodb-res-1.png used on input line 980.
(pdftex.def)             Requested size: 341.43306pt x 179.43813pt.

<cartodb-res-2.png, id=191, 884.30376pt x 463.7325pt>
File: cartodb-res-2.png Graphic file (type png)
 <use cartodb-res-2.png>
Package pdftex.def Info: cartodb-res-2.png used on input line 989.
(pdftex.def)             Requested size: 341.43306pt x 179.05057pt.

<cartodb-res-3.png, id=192, 885.3075pt x 466.74374pt>
File: cartodb-res-3.png Graphic file (type png)
 <use cartodb-res-3.png>
Package pdftex.def Info: cartodb-res-3.png used on input line 997.
(pdftex.def)             Requested size: 341.43306pt x 180.0067pt.

[41 <./cartodb-res-1.png> <./cartodb-res-2.png>]
<cartodb-res-4.png, id=196, 883.3pt x 468.75125pt>
File: cartodb-res-4.png Graphic file (type png)
 <use cartodb-res-4.png>
Package pdftex.def Info: cartodb-res-4.png used on input line 1004.
(pdftex.def)             Requested size: 341.43306pt x 181.18861pt.

[42 <./cartodb-res-3.png> <./cartodb-res-4.png>]
<githubio.png, id=200, 1586.92876pt x 881.2925pt>
File: githubio.png Graphic file (type png)
 <use githubio.png>
Package pdftex.def Info: githubio.png used on input line 1018.
(pdftex.def)             Requested size: 341.43306pt x 189.60866pt.
 [43 <./githubio.png>]
Underfull \hbox (badness 10000) in paragraph at lines 1037--1043

 []


Underfull \hbox (badness 10000) in paragraph at lines 1037--1043

 []


Underfull \hbox (badness 10000) in paragraph at lines 1037--1043

 []


Overfull \hbox (20.23395pt too wide) in paragraph at lines 1037--1043
\OT1/cmr/m/it/12 https://mega.nz/#!HlwEiJ6R!CFrNG2m3NOkJwJ2lC3yis1CQljQ8V[]C[]r
bmkmuNT2nk 
 []


Underfull \hbox (badness 10000) in paragraph at lines 1037--1043

 []


Underfull \hbox (badness 10000) in paragraph at lines 1037--1043

 []


Overfull \hbox (7.66519pt too wide) in paragraph at lines 1037--1043
\OT1/cmr/m/it/12 http://download.geonames.org/export/dump/alternateNames.zip \O
T1/cmr/m/n/12 (s'-haur^^Ra de des-com-
 []

[44]
Underfull \hbox (badness 10000) in paragraph at lines 1049--1052

 []


Underfull \hbox (badness 10000) in paragraph at lines 1053--1054

 []


Underfull \hbox (badness 10000) in paragraph at lines 1055--1057

 []


Underfull \hbox (badness 10000) in paragraph at lines 1058--1059

 []


Underfull \hbox (badness 10000) in paragraph at lines 1060--1062

 []


Underfull \hbox (badness 10000) in paragraph at lines 1060--1062

 []


Underfull \hbox (badness 10000) in paragraph at lines 1060--1062

 []

[45]
Underfull \hbox (badness 10000) in paragraph at lines 1063--1068

 []

[46]
Underfull \hbox (badness 10000) in paragraph at lines 1082--1086

 []


Underfull \hbox (badness 10000) in paragraph at lines 1088--1090

 []

[47]
Underfull \hbox (badness 10000) in paragraph at lines 1091--1094

 []


Underfull \hbox (badness 10000) in paragraph at lines 1091--1094

 []


Underfull \hbox (badness 10000) in paragraph at lines 1095--1097

 []


Underfull \hbox (badness 10000) in paragraph at lines 1098--1103

 []


Underfull \hbox (badness 10000) in paragraph at lines 1098--1103

 []

[48]
Underfull \hbox (badness 10000) in paragraph at lines 1116--1119

 []

[49] [50] <pla-inicial.png, id=229, 1737.49126pt x 541.02126pt>
File: pla-inicial.png Graphic file (type png)

<use pla-inicial.png>
Package pdftex.def Info: pla-inicial.png used on input line 1135.
(pdftex.def)             Requested size: 455.24408pt x 141.7519pt.

Overfull \hbox (31.18375pt too wide) in paragraph at lines 1135--1136
 [][] 
 []

[51 <./pla-inicial.png>] <pla-final.png, id=233, 1741.50626pt x 531.9875pt>
File: pla-final.png Graphic file (type png)

<use pla-final.png>
Package pdftex.def Info: pla-final.png used on input line 1153.
(pdftex.def)             Requested size: 455.24408pt x 139.06029pt.

Overfull \hbox (31.18375pt too wide) in paragraph at lines 1153--1154
 [][] 
 []

[52 <./pla-final.png>]
Underfull \hbox (badness 10000) in paragraph at lines 1159--1160

 []


Underfull \hbox (badness 10000) in paragraph at lines 1177--1180

 []


Underfull \hbox (badness 10000) in paragraph at lines 1177--1180

 []


Underfull \hbox (badness 10000) in paragraph at lines 1177--1180

 []

[53]
Underfull \hbox (badness 10000) in paragraph at lines 1181--1182

 []


Underfull \hbox (badness 10000) in paragraph at lines 1214--1218

 []

<bcn-1.png, id=240, 578.16pt x 433.62pt>
File: bcn-1.png Graphic file (type png)
 <use bcn-1.png>
Package pdftex.def Info: bcn-1.png used on input line 1221.
(pdftex.def)             Requested size: 284.52756pt x 213.39536pt.
 [54]
<madrid-1.png, id=244, 1734.48pt x 897.5934pt>
File: madrid-1.png Graphic file (type png)
 <use madrid-1.png>
Package pdftex.def Info: madrid-1.png used on input line 1228.
(pdftex.def)             Requested size: 369.88582pt x 191.40376pt.

<berlin-1.png, id=245, 578.16pt x 433.62pt>
File: berlin-1.png Graphic file (type png)
 <use berlin-1.png>
Package pdftex.def Info: berlin-1.png used on input line 1235.
(pdftex.def)             Requested size: 284.52756pt x 213.39536pt.
 [55 <./bcn-1.png> <./madrid-1.png>]
Underfull \hbox (badness 10000) in paragraph at lines 1239--1243

 []


Underfull \hbox (badness 10000) in paragraph at lines 1239--1243

 []

<cartoDB-res-world.png, id=252, 1816.7875pt x 743.77875pt>
File: cartoDB-res-world.png Graphic file (type png)

<use cartoDB-res-world.png>
Package pdftex.def Info: cartoDB-res-world.png used on input line 1246.
(pdftex.def)             Requested size: 341.43306pt x 139.77594pt.
 [56 <./berlin-1.png>]
Underfull \hbox (badness 10000) in paragraph at lines 1250--1251

 []


Underfull \hbox (badness 10000) in paragraph at lines 1252--1256

 []


Underfull \hbox (badness 10000) in paragraph at lines 1258--1264

 []


Underfull \hbox (badness 10000) in paragraph at lines 1258--1264

 []


Underfull \hbox (badness 10000) in paragraph at lines 1258--1264

 []

[57 <./cartoDB-res-world.png>] [58]
Underfull \hbox (badness 10000) in paragraph at lines 1280--1281

 []


Underfull \hbox (badness 10000) in paragraph at lines 1282--1286

 []

[59] [60]
Overfull \hbox (0.1377pt too wide) in paragraph at lines 1293--1294
\OT1/cmr/m/n/12 lit-zant NER (named-entity re-cog-ni-ti-on). Gr^^Racies a aques
-tes t^^Recniques podr^^S^^Pem
 []


Underfull \hbox (badness 10000) in paragraph at lines 1297--1301

 []


Underfull \hbox (badness 10000) in paragraph at lines 1297--1301

 []

[61]
Overfull \hbox (1.46739pt too wide) in paragraph at lines 1311--1313
\OT1/cmtt/m/n/12 http://drewconway.com/zia/2013/3/26/the-data-science-venn-diag
ram 
 []


Overfull \hbox (44.69241pt too wide) in paragraph at lines 1340--1342
\OT1/cmtt/m/n/12 http://www.webreference.com/authoring/languages/xml/rss/feeds/
index.html 
 []

[62]
Overfull \hbox (57.04242pt too wide) in paragraph at lines 1392--1394
\OT1/cmtt/m/n/12 http://geoffboeing.com/2014/08/clustering-to-reduce-spatial-da
ta-set-size/ 
 []

[63] (./memoria.aux) ) 
Here is how much of TeX's memory you used:
 5864 strings out of 493105
 78976 string characters out of 6137072
 157603 words of memory out of 5000000
 9168 multiletter control sequences out of 15000+600000
 15267 words of font info for 64 fonts, out of 8000000 for 9000
 1141 hyphenation exceptions out of 8191
 38i,9n,43p,864b,334s stack positions out of 5000i,500n,10000p,200000b,80000s
</usr/share/texlive/texmf-dist/fonts/type1/public/amsfont
s/cm/cmbx12.pfb></usr/share/texlive/texmf-dist/fonts/type1/public/amsfonts/cm/c
mbxti10.pfb></usr/share/texlive/texmf-dist/fonts/type1/public/amsfonts/cm/cmr10
.pfb></usr/share/texlive/texmf-dist/fonts/type1/public/amsfonts/cm/cmr12.pfb></
usr/share/texlive/texmf-dist/fonts/type1/public/amsfonts/cm/cmr7.pfb></usr/shar
e/texlive/texmf-dist/fonts/type1/public/amsfonts/cm/cmr8.pfb></usr/share/texliv
e/texmf-dist/fonts/type1/public/amsfonts/cm/cmsl12.pfb></usr/share/texlive/texm
f-dist/fonts/type1/public/amsfonts/cm/cmsy10.pfb></usr/share/texlive/texmf-dist
/fonts/type1/public/amsfonts/cm/cmti12.pfb></usr/share/texlive/texmf-dist/fonts
/type1/public/amsfonts/cm/cmtt12.pfb>
Output written on memoria.pdf (69 pages, 7683543 bytes).
PDF statistics:
 314 PDF objects out of 1000 (max. 8388607)
 185 compressed objects within 2 object streams
 0 named destinations out of 1000 (max. 500000)
 166 words of extra memory for PDF output out of 10000 (max. 10000000)

